<?xml version="1.0" encoding="UTF-8"?>
<testsuite name="com.samsung.health.multisensortracking.BaseListenerTest" tests="5" skipped="0" failures="1" errors="0" timestamp="2024-12-02T14:23:58" hostname="VIRUS" time="0.346">
  <properties/>
  <testcase name="shouldInteractWithHealthTrackerWhenStopTracker_P" classname="com.samsung.health.multisensortracking.BaseListenerTest" time="0.317">
    <failure message="Wanted but not invoked:&#10;healthTracker.unsetEventListener();&#10;-&gt; at com.samsung.android.service.health.tracking.HealthTracker.unsetEventListener(SourceFile:1)&#10;Actually, there were zero interactions with this mock.&#10;" type="org.mockito.exceptions.verification.WantedButNotInvoked">Wanted but not invoked:
healthTracker.unsetEventListener();
-&gt; at com.samsung.android.service.health.tracking.HealthTracker.unsetEventListener(SourceFile:1)
Actually, there were zero interactions with this mock.

	at app//com.samsung.android.service.health.tracking.HealthTracker.unsetEventListener(SourceFile:1)
	at app//com.samsung.health.multisensortracking.BaseListenerTest.shouldInteractWithHealthTrackerWhenStopTracker_P(BaseListenerTest.java:81)
	at java.base@21.0.3/jdk.internal.reflect.DirectMethodHandleAccessor.invoke(Unknown Source)
	at java.base@21.0.3/java.lang.reflect.Method.invoke(Unknown Source)
	at app//org.junit.runners.model.FrameworkMethod$1.runReflectiveCall(FrameworkMethod.java:59)
	at app//org.junit.internal.runners.model.ReflectiveCallable.run(ReflectiveCallable.java:12)
	at app//org.junit.runners.model.FrameworkMethod.invokeExplosively(FrameworkMethod.java:56)
	at app//org.junit.internal.runners.statements.InvokeMethod.evaluate(InvokeMethod.java:17)
	at app//org.mockito.internal.runners.DefaultInternalRunner$1$1.evaluate(DefaultInternalRunner.java:55)
	at app//org.junit.runners.ParentRunner$3.evaluate(ParentRunner.java:306)
	at app//org.junit.runners.BlockJUnit4ClassRunner$1.evaluate(BlockJUnit4ClassRunner.java:100)
	at app//org.junit.runners.ParentRunner.runLeaf(ParentRunner.java:366)
	at app//org.junit.runners.BlockJUnit4ClassRunner.runChild(BlockJUnit4ClassRunner.java:103)
	at app//org.junit.runners.BlockJUnit4ClassRunner.runChild(BlockJUnit4ClassRunner.java:63)
	at app//org.junit.runners.ParentRunner$4.run(ParentRunner.java:331)
	at app//org.junit.runners.ParentRunner$1.schedule(ParentRunner.java:79)
	at app//org.junit.runners.ParentRunner.runChildren(ParentRunner.java:329)
	at app//org.junit.runners.ParentRunner.access$100(ParentRunner.java:66)
	at app//org.junit.runners.ParentRunner$2.evaluate(ParentRunner.java:293)
	at app//org.junit.runners.ParentRunner$3.evaluate(ParentRunner.java:306)
	at app//org.junit.runners.ParentRunner.run(ParentRunner.java:413)
	at app//org.mockito.internal.runners.DefaultInternalRunner$1.run(DefaultInternalRunner.java:100)
	at app//org.mockito.internal.runners.DefaultInternalRunner.run(DefaultInternalRunner.java:107)
	at app//org.mockito.internal.runners.StrictRunner.run(StrictRunner.java:41)
	at app//org.mockito.junit.MockitoJUnitRunner.run(MockitoJUnitRunner.java:163)
	at org.gradle.api.internal.tasks.testing.junit.JUnitTestClassExecutor.runTestClass(JUnitTestClassExecutor.java:112)
	at org.gradle.api.internal.tasks.testing.junit.JUnitTestClassExecutor.execute(JUnitTestClassExecutor.java:58)
	at org.gradle.api.internal.tasks.testing.junit.JUnitTestClassExecutor.execute(JUnitTestClassExecutor.java:40)
	at org.gradle.api.internal.tasks.testing.junit.AbstractJUnitTestClassProcessor.processTestClass(AbstractJUnitTestClassProcessor.java:60)
	at org.gradle.api.internal.tasks.testing.SuiteTestClassProcessor.processTestClass(SuiteTestClassProcessor.java:52)
	at java.base@21.0.3/jdk.internal.reflect.DirectMethodHandleAccessor.invoke(Unknown Source)
	at java.base@21.0.3/java.lang.reflect.Method.invoke(Unknown Source)
	at org.gradle.internal.dispatch.ReflectionDispatch.dispatch(ReflectionDispatch.java:36)
	at org.gradle.internal.dispatch.ReflectionDispatch.dispatch(ReflectionDispatch.java:24)
	at org.gradle.internal.dispatch.ContextClassLoaderDispatch.dispatch(ContextClassLoaderDispatch.java:33)
	at org.gradle.internal.dispatch.ProxyDispatchAdapter$DispatchingInvocationHandler.invoke(ProxyDispatchAdapter.java:94)
	at jdk.proxy1/jdk.proxy1.$Proxy2.processTestClass(Unknown Source)
	at org.gradle.api.internal.tasks.testing.worker.TestWorker$2.run(TestWorker.java:176)
	at org.gradle.api.internal.tasks.testing.worker.TestWorker.executeAndMaintainThreadName(TestWorker.java:129)
	at org.gradle.api.internal.tasks.testing.worker.TestWorker.execute(TestWorker.java:100)
	at org.gradle.api.internal.tasks.testing.worker.TestWorker.execute(TestWorker.java:60)
	at org.gradle.process.internal.worker.child.ActionExecutionWorker.execute(ActionExecutionWorker.java:56)
	at org.gradle.process.internal.worker.child.SystemApplicationClassLoaderWorker.call(SystemApplicationClassLoaderWorker.java:113)
	at org.gradle.process.internal.worker.child.SystemApplicationClassLoaderWorker.call(SystemApplicationClassLoaderWorker.java:65)
	at app//worker.org.gradle.process.internal.worker.GradleWorkerMain.run(GradleWorkerMain.java:69)
	at app//worker.org.gradle.process.internal.worker.GradleWorkerMain.main(GradleWorkerMain.java:74)
</failure>
  </testcase>
  <testcase name="shouldNoInteractWithHealthTrackerWhenStartTrackerAndAlreadyStarted_N" classname="com.samsung.health.multisensortracking.BaseListenerTest" time="0.004"/>
  <testcase name="shouldInteractWithHealthTrackerWhenStartTracker_P" classname="com.samsung.health.multisensortracking.BaseListenerTest" time="0.015"/>
  <testcase name="shouldNotInteractWithHealthTrackerWhenStopTrackerAndAlreadyStopped_N" classname="com.samsung.health.multisensortracking.BaseListenerTest" time="0.004"/>
  <testcase name="shouldThrowNullPointerExceptionWhenHealthTrackerIsSetToNull_N" classname="com.samsung.health.multisensortracking.BaseListenerTest" time="0.002"/>
  <system-out><![CDATA[]]></system-out>
  <system-err><![CDATA[WARNING: A Java agent has been loaded dynamically (C:\Users\ralph\.gradle\caches\modules-2\files-2.1\net.bytebuddy\byte-buddy-agent\1.14.4\3bf5ac1104554908cc623e40e58a00be37c35f36\byte-buddy-agent-1.14.4.jar)
WARNING: If a serviceability tool is in use, please run with -XX:+EnableDynamicAgentLoading to hide this warning
WARNING: If a serviceability tool is not in use, please run with -Djdk.instrument.traceUsage for more information
WARNING: Dynamic loading of agents will be disallowed by default in a future release
]]></system-err>
</testsuite>
